[debug] [2026-06-17T11:12:21.818Z] ----------------------------------------------------------------------
[debug] [2026-06-17T11:12:21.830Z] Command:       C:\Program Files\nodejs\node.exe C:\Users\suman\AppData\Roaming\npm\node_modules\firebase-tools\lib\bin\firebase.js init
[debug] [2026-06-17T11:12:21.831Z] CLI Version:   15.20.0
[debug] [2026-06-17T11:12:21.831Z] Platform:      win32
[debug] [2026-06-17T11:12:21.831Z] Node Version:  v24.15.0
[debug] [2026-06-17T11:12:21.831Z] Time:          Wed Jun 17 2026 16:42:21 GMT+0530 (India Standard Time)
[debug] [2026-06-17T11:12:21.831Z] ----------------------------------------------------------------------
[debug] 
[info] 
     ######## #### ########  ######## ########     ###     ######  ########
     ##        ##  ##     ## ##       ##     ##  ##   ##  ##       ##
     ######    ##  ########  ######   ########  #########  ######  ######
     ##        ##  ##    ##  ##       ##     ## ##     ##       ## ##
     ##       #### ##     ## ######## ########  ##     ##  ######  ########

You're about to initialize a Firebase project in this directory:

  E:\Never_Give_Up\Code\pink

[info] 
=== Project Setup
[info] 
[info] First, let's associate this project directory with a Firebase project.
[info] You can create multiple project aliases by running firebase use --add, 
[info] 
[debug] [2026-06-17T13:53:34.937Z] > command requires scopes: ["email","openid","https://www.googleapis.com/auth/cloudplatformprojects.readonly","https://www.googleapis.com/auth/firebase","https://www.googleapis.com/auth/cloud-platform"]
[debug] [2026-06-17T13:53:34.962Z] > authorizing via signed-in user (sumanankitkr99@gmail.com)
[debug] [2026-06-17T13:53:35.081Z] Checked if tokens are valid: false, expires at: 1781698109100
[debug] [2026-06-17T13:53:35.082Z] Checked if tokens are valid: false, expires at: 1781698109100
[debug] [2026-06-17T13:53:35.092Z] > refreshing access token with scopes: []
[debug] [2026-06-17T13:53:35.199Z] >>> [apiv2][query] POST https://www.googleapis.com/oauth2/v3/token [none]
[debug] [2026-06-17T13:53:35.200Z] >>> [apiv2][body] POST https://www.googleapis.com/oauth2/v3/token [omitted]
[debug] [2026-06-17T13:53:37.414Z] <<< [apiv2][status] POST https://www.googleapis.com/oauth2/v3/token 200
[debug] [2026-06-17T13:53:37.415Z] <<< [apiv2][body] POST https://www.googleapis.com/oauth2/v3/token [omitted]
[debug] [2026-06-17T13:53:37.536Z] >>> [apiv2][query] GET https://firebase.googleapis.com/v1beta1/projects pageSize=100
[debug] [2026-06-17T13:53:41.912Z] <<< [apiv2][status] GET https://firebase.googleapis.com/v1beta1/projects 200
[debug] [2026-06-17T13:53:41.913Z] <<< [apiv2][body] GET https://firebase.googleapis.com/v1beta1/projects [omitted]
[info] 
=== Dataconnect Setup
[info] i  dataconnect: ensuring required API firebasedataconnect.googleapis.com is enabled... 
[debug] [2026-06-17T13:53:42.608Z] Checked if tokens are valid: true, expires at: 1781708016431
[debug] [2026-06-17T13:53:42.608Z] Checked if tokens are valid: true, expires at: 1781708016431
[info] i  dataconnect: ensuring required API sqladmin.googleapis.com is enabled... 
[debug] [2026-06-17T13:53:42.614Z] Checked if tokens are valid: true, expires at: 1781708016431
[debug] [2026-06-17T13:53:42.614Z] Checked if tokens are valid: true, expires at: 1781708016431
[debug] [2026-06-17T13:53:42.616Z] >>> [apiv2][query] GET https://serviceusage.googleapis.com/v1/projects/engg-codewala/services/firebasedataconnect.googleapis.com [none]
[debug] [2026-06-17T13:53:42.616Z] >>> [apiv2][(partial)header] GET https://serviceusage.googleapis.com/v1/projects/engg-codewala/services/firebasedataconnect.googleapis.com  x-goog-user-project=engg-codewala
[debug] [2026-06-17T13:53:42.683Z] >>> [apiv2][query] GET https://serviceusage.googleapis.com/v1/projects/engg-codewala/services/sqladmin.googleapis.com [none]
[debug] [2026-06-17T13:53:42.683Z] >>> [apiv2][(partial)header] GET https://serviceusage.googleapis.com/v1/projects/engg-codewala/services/sqladmin.googleapis.com  x-goog-user-project=engg-codewala
[debug] [2026-06-17T13:53:44.743Z] <<< [apiv2][status] GET https://serviceusage.googleapis.com/v1/projects/engg-codewala/services/sqladmin.googleapis.com 200
[debug] [2026-06-17T13:53:44.743Z] <<< [apiv2][body] GET https://serviceusage.googleapis.com/v1/projects/engg-codewala/services/sqladmin.googleapis.com [omitted]
[warn] !  dataconnect: missing required API sqladmin.googleapis.com. Enabling now... 
[debug] [2026-06-17T13:53:44.747Z] Checked if tokens are valid: true, expires at: 1781708016431
[debug] [2026-06-17T13:53:44.748Z] Checked if tokens are valid: true, expires at: 1781708016431
[debug] [2026-06-17T13:53:44.748Z] >>> [apiv2][query] POST https://serviceusage.googleapis.com/v1/projects/engg-codewala/services/sqladmin.googleapis.com:enable [none]
[debug] [2026-06-17T13:53:44.748Z] >>> [apiv2][(partial)header] POST https://serviceusage.googleapis.com/v1/projects/engg-codewala/services/sqladmin.googleapis.com:enable  x-goog-user-project=engg-codewala
[debug] [2026-06-17T13:53:44.769Z] <<< [apiv2][status] GET https://serviceusage.googleapis.com/v1/projects/engg-codewala/services/firebasedataconnect.googleapis.com 200
[debug] [2026-06-17T13:53:44.770Z] <<< [apiv2][body] GET https://serviceusage.googleapis.com/v1/projects/engg-codewala/services/firebasedataconnect.googleapis.com [omitted]
[warn] !  dataconnect: missing required API firebasedataconnect.googleapis.com. Enabling now... 
[debug] [2026-06-17T13:53:44.770Z] Checked if tokens are valid: true, expires at: 1781708016431
[debug] [2026-06-17T13:53:44.770Z] Checked if tokens are valid: true, expires at: 1781708016431
[debug] [2026-06-17T13:53:44.771Z] >>> [apiv2][query] POST https://serviceusage.googleapis.com/v1/projects/engg-codewala/services/firebasedataconnect.googleapis.com:enable [none]
[debug] [2026-06-17T13:53:44.771Z] >>> [apiv2][(partial)header] POST https://serviceusage.googleapis.com/v1/projects/engg-codewala/services/firebasedataconnect.googleapis.com:enable  x-goog-user-project=engg-codewala
[debug] [2026-06-17T13:53:45.339Z] <<< [apiv2][status] POST https://serviceusage.googleapis.com/v1/projects/engg-codewala/services/sqladmin.googleapis.com:enable 200
[debug] [2026-06-17T13:53:45.340Z] <<< [apiv2][body] POST https://serviceusage.googleapis.com/v1/projects/engg-codewala/services/sqladmin.googleapis.com:enable [omitted]
[debug] [2026-06-17T13:53:45.370Z] <<< [apiv2][status] POST https://serviceusage.googleapis.com/v1/projects/engg-codewala/services/firebasedataconnect.googleapis.com:enable 200
[debug] [2026-06-17T13:53:45.370Z] <<< [apiv2][body] POST https://serviceusage.googleapis.com/v1/projects/engg-codewala/services/firebasedataconnect.googleapis.com:enable [omitted]
[debug] [2026-06-17T13:53:55.407Z] Checked if tokens are valid: true, expires at: 1781708016431
[debug] [2026-06-17T13:53:55.408Z] Checked if tokens are valid: true, expires at: 1781708016431
[debug] [2026-06-17T13:53:55.408Z] >>> [apiv2][query] GET https://firebasedataconnect.googleapis.com/v1/projects/engg-codewala/locations/-/services [none]
[debug] [2026-06-17T13:54:01.501Z] <<< [apiv2][status] GET https://firebasedataconnect.googleapis.com/v1/projects/engg-codewala/locations/-/services 200
[debug] [2026-06-17T13:54:01.501Z] <<< [apiv2][body] GET https://firebasedataconnect.googleapis.com/v1/projects/engg-codewala/locations/-/services {}
